mode: atomic
github.com/shipyard-run/connector/crypto/key.go:24.28,26.2 1 1
github.com/shipyard-run/connector/crypto/key.go:34.42,36.16 2 10
github.com/shipyard-run/connector/crypto/key.go:40.2,40.53 1 10
github.com/shipyard-run/connector/crypto/key.go:36.16,38.3 1 0
github.com/shipyard-run/connector/crypto/key.go:43.40,50.2 2 3
github.com/shipyard-run/connector/crypto/key.go:53.38,55.2 1 1
github.com/shipyard-run/connector/crypto/key.go:58.50,60.16 2 1
github.com/shipyard-run/connector/crypto/key.go:64.2,67.16 3 1
github.com/shipyard-run/connector/crypto/key.go:71.2,73.12 2 1
github.com/shipyard-run/connector/crypto/key.go:60.16,62.3 1 0
github.com/shipyard-run/connector/crypto/key.go:67.16,69.3 1 0
github.com/shipyard-run/connector/crypto/key.go:76.51,78.16 2 1
github.com/shipyard-run/connector/crypto/key.go:82.2,82.12 1 1
github.com/shipyard-run/connector/crypto/key.go:78.16,80.3 1 0
github.com/shipyard-run/connector/crypto/x509.go:27.32,30.2 1 1
github.com/shipyard-run/connector/crypto/x509.go:33.34,36.2 2 4
github.com/shipyard-run/connector/crypto/x509.go:39.44,41.16 2 1
github.com/shipyard-run/connector/crypto/x509.go:45.2,48.16 3 1
github.com/shipyard-run/connector/crypto/x509.go:52.2,54.12 2 1
github.com/shipyard-run/connector/crypto/x509.go:41.16,43.3 1 0
github.com/shipyard-run/connector/crypto/x509.go:48.16,50.3 1 0
github.com/shipyard-run/connector/crypto/x509.go:58.45,60.16 2 1
github.com/shipyard-run/connector/crypto/x509.go:64.2,64.12 1 1
github.com/shipyard-run/connector/crypto/x509.go:60.16,62.3 1 0
github.com/shipyard-run/connector/crypto/x509.go:68.133,70.16 2 2
github.com/shipyard-run/connector/crypto/x509.go:74.2,79.32 4 2
github.com/shipyard-run/connector/crypto/x509.go:83.2,87.16 4 2
github.com/shipyard-run/connector/crypto/x509.go:91.2,92.16 2 2
github.com/shipyard-run/connector/crypto/x509.go:96.2,96.25 1 2
github.com/shipyard-run/connector/crypto/x509.go:70.16,72.3 1 0
github.com/shipyard-run/connector/crypto/x509.go:79.32,81.3 1 2
github.com/shipyard-run/connector/crypto/x509.go:87.16,89.3 1 0
github.com/shipyard-run/connector/crypto/x509.go:92.16,94.3 1 0
github.com/shipyard-run/connector/crypto/x509.go:100.48,102.16 2 5
github.com/shipyard-run/connector/crypto/x509.go:106.2,110.16 4 5
github.com/shipyard-run/connector/crypto/x509.go:114.2,115.16 2 5
github.com/shipyard-run/connector/crypto/x509.go:119.2,119.25 1 5
github.com/shipyard-run/connector/crypto/x509.go:102.16,104.3 1 0
github.com/shipyard-run/connector/crypto/x509.go:110.16,112.3 1 0
github.com/shipyard-run/connector/crypto/x509.go:115.16,117.3 1 0
github.com/shipyard-run/connector/crypto/x509.go:122.48,126.16 3 7
github.com/shipyard-run/connector/crypto/x509.go:130.2,139.19 2 7
github.com/shipyard-run/connector/crypto/x509.go:126.16,128.3 1 0
github.com/shipyard-run/connector/http/server.go:32.115,34.2 1 1
github.com/shipyard-run/connector/http/server.go:38.37,48.47 4 1
github.com/shipyard-run/connector/http/server.go:61.2,61.12 1 1
github.com/shipyard-run/connector/http/server.go:68.2,68.12 1 1
github.com/shipyard-run/connector/http/server.go:48.47,51.13 2 0
github.com/shipyard-run/connector/http/server.go:58.3,58.13 1 0
github.com/shipyard-run/connector/http/server.go:51.13,53.18 2 0
github.com/shipyard-run/connector/http/server.go:53.18,55.5 1 0
github.com/shipyard-run/connector/http/server.go:61.12,63.17 2 1
github.com/shipyard-run/connector/http/server.go:63.17,65.4 1 1
github.com/shipyard-run/connector/http/server.go:72.37,74.2 1 1
github.com/shipyard-run/connector/http/server.go:76.52,94.2 11 1
github.com/shipyard-run/connector/http/server.go:96.111,97.62 1 1
github.com/shipyard-run/connector/http/server.go:132.2,133.16 2 1
github.com/shipyard-run/connector/http/server.go:137.2,139.16 2 1
github.com/shipyard-run/connector/http/server.go:97.62,100.17 2 0
github.com/shipyard-run/connector/http/server.go:105.3,107.17 3 0
github.com/shipyard-run/connector/http/server.go:111.3,112.10 2 0
github.com/shipyard-run/connector/http/server.go:116.3,124.17 3 0
github.com/shipyard-run/connector/http/server.go:127.3,129.17 2 0
github.com/shipyard-run/connector/http/server.go:100.17,102.4 1 0
github.com/shipyard-run/connector/http/server.go:107.17,109.4 1 0
github.com/shipyard-run/connector/http/server.go:112.10,114.4 1 0
github.com/shipyard-run/connector/http/server.go:124.17,126.4 1 0
github.com/shipyard-run/connector/http/server.go:133.16,135.3 1 0
github.com/shipyard-run/connector/http/handlers/expose.go:22.80,24.2 1 2
github.com/shipyard-run/connector/http/handlers/expose.go:36.42,40.2 2 1
github.com/shipyard-run/connector/http/handlers/expose.go:42.54,46.2 2 2
github.com/shipyard-run/connector/http/handlers/expose.go:49.69,56.16 4 2
github.com/shipyard-run/connector/http/handlers/expose.go:63.2,64.16 2 1
github.com/shipyard-run/connector/http/handlers/expose.go:71.2,73.25 3 0
github.com/shipyard-run/connector/http/handlers/expose.go:78.2,88.16 2 0
github.com/shipyard-run/connector/http/handlers/expose.go:95.2,95.25 1 0
github.com/shipyard-run/connector/http/handlers/expose.go:56.16,60.3 3 1
github.com/shipyard-run/connector/http/handlers/expose.go:64.16,68.3 3 1
github.com/shipyard-run/connector/http/handlers/expose.go:73.25,75.3 1 0
github.com/shipyard-run/connector/http/handlers/expose.go:88.16,92.3 3 0
github.com/shipyard-run/connector/http/handlers/health.go:14.40,16.2 1 0
github.com/shipyard-run/connector/http/handlers/health.go:18.69,21.2 2 0
github.com/shipyard-run/connector/http/handlers/list.go:29.76,31.2 1 0
github.com/shipyard-run/connector/http/handlers/list.go:33.67,37.16 3 0
github.com/shipyard-run/connector/http/handlers/list.go:42.2,43.34 2 0
github.com/shipyard-run/connector/http/handlers/list.go:56.2,57.21 2 0
github.com/shipyard-run/connector/http/handlers/list.go:37.16,40.3 2 0
github.com/shipyard-run/connector/http/handlers/list.go:43.34,54.3 2 0
github.com/shipyard-run/connector/http/handlers/remove.go:19.80,21.2 1 0
github.com/shipyard-run/connector/http/handlers/remove.go:23.70,28.16 4 0
github.com/shipyard-run/connector/http/handlers/remove.go:28.16,32.3 3 0
github.com/shipyard-run/connector/integrations/integration.go:17.43,22.16 3 1
github.com/shipyard-run/connector/integrations/integration.go:26.2,26.44 1 1
github.com/shipyard-run/connector/integrations/integration.go:22.16,24.3 1 0
github.com/shipyard-run/connector/integrations/mock_integration.go:11.77,15.2 2 0
github.com/shipyard-run/connector/integrations/mock_integration.go:18.44,22.2 2 0
github.com/shipyard-run/connector/remote/listener.go:13.92,18.16 3 18
github.com/shipyard-run/connector/remote/listener.go:23.2,24.15 2 17
github.com/shipyard-run/connector/remote/listener.go:18.16,21.3 2 1
github.com/shipyard-run/connector/remote/listener.go:27.69,28.26 1 17
github.com/shipyard-run/connector/remote/listener.go:33.2,33.12 1 0
github.com/shipyard-run/connector/remote/listener.go:28.26,31.3 2 17
github.com/shipyard-run/connector/remote/listener.go:36.55,37.26 1 54
github.com/shipyard-run/connector/remote/listener.go:42.2,42.12 1 0
github.com/shipyard-run/connector/remote/listener.go:37.26,40.3 2 54
github.com/shipyard-run/connector/remote/listener.go:45.67,47.44 1 17
github.com/shipyard-run/connector/remote/listener.go:47.44,48.7 1 17
github.com/shipyard-run/connector/remote/listener.go:48.7,50.18 2 28
github.com/shipyard-run/connector/remote/listener.go:55.4,56.39 2 11
github.com/shipyard-run/connector/remote/listener.go:50.18,52.10 2 17
github.com/shipyard-run/connector/remote/listener.go:61.68,68.9 4 11
github.com/shipyard-run/connector/remote/listener.go:75.2,76.8 2 11
github.com/shipyard-run/connector/remote/listener.go:81.2,81.6 1 11
github.com/shipyard-run/connector/remote/listener.go:68.9,72.3 2 0
github.com/shipyard-run/connector/remote/listener.go:76.8,78.3 1 11
github.com/shipyard-run/connector/remote/listener.go:81.6,91.27 5 15
github.com/shipyard-run/connector/remote/listener.go:110.3,124.20 4 4
github.com/shipyard-run/connector/remote/listener.go:91.27,92.21 1 11
github.com/shipyard-run/connector/remote/listener.go:107.4,107.9 1 11
github.com/shipyard-run/connector/remote/listener.go:92.21,103.5 2 2
github.com/shipyard-run/connector/remote/listener.go:103.10,105.5 1 9
github.com/shipyard-run/connector/remote/listener.go:124.20,127.4 2 4
github.com/shipyard-run/connector/remote/listener.go:132.51,137.9 4 4
github.com/shipyard-run/connector/remote/listener.go:142.2,142.6 1 4
github.com/shipyard-run/connector/remote/listener.go:137.9,140.3 2 0
github.com/shipyard-run/connector/remote/listener.go:142.6,151.27 5 4
github.com/shipyard-run/connector/remote/listener.go:172.3,182.20 3 4
github.com/shipyard-run/connector/remote/listener.go:151.27,153.21 1 0
github.com/shipyard-run/connector/remote/listener.go:167.4,168.9 2 0
github.com/shipyard-run/connector/remote/listener.go:153.21,162.5 1 0
github.com/shipyard-run/connector/remote/listener.go:162.10,164.5 1 0
github.com/shipyard-run/connector/remote/listener.go:182.20,185.9 1 4
github.com/shipyard-run/connector/remote/local.go:18.82,20.40 1 21
github.com/shipyard-run/connector/remote/local.go:37.2,38.16 2 0
github.com/shipyard-run/connector/remote/local.go:42.2,42.54 1 0
github.com/shipyard-run/connector/remote/local.go:20.40,30.17 4 21
github.com/shipyard-run/connector/remote/local.go:34.3,34.55 1 21
github.com/shipyard-run/connector/remote/local.go:30.17,32.4 1 0
github.com/shipyard-run/connector/remote/local.go:38.16,40.3 1 0
github.com/shipyard-run/connector/remote/local.go:45.61,48.25 1 24
github.com/shipyard-run/connector/remote/local.go:54.2,55.15 2 24
github.com/shipyard-run/connector/remote/local.go:59.2,59.25 1 24
github.com/shipyard-run/connector/remote/local.go:125.2,125.12 1 23
github.com/shipyard-run/connector/remote/local.go:48.25,51.3 2 0
github.com/shipyard-run/connector/remote/local.go:55.15,57.3 1 23
github.com/shipyard-run/connector/remote/local.go:59.25,61.51 1 24
github.com/shipyard-run/connector/remote/local.go:85.3,85.60 1 23
github.com/shipyard-run/connector/remote/local.go:122.3,122.8 1 23
github.com/shipyard-run/connector/remote/local.go:61.51,65.18 3 21
github.com/shipyard-run/connector/remote/local.go:74.4,81.34 4 20
github.com/shipyard-run/connector/remote/local.go:65.18,70.13 3 1
github.com/shipyard-run/connector/remote/local.go:85.60,87.57 1 21
github.com/shipyard-run/connector/remote/local.go:93.4,93.80 1 21
github.com/shipyard-run/connector/remote/local.go:113.4,119.15 5 21
github.com/shipyard-run/connector/remote/local.go:87.57,89.5 1 0
github.com/shipyard-run/connector/remote/local.go:93.80,96.19 2 10
github.com/shipyard-run/connector/remote/local.go:102.5,103.19 2 10
github.com/shipyard-run/connector/remote/local.go:109.5,109.24 1 10
github.com/shipyard-run/connector/remote/local.go:96.19,99.6 2 0
github.com/shipyard-run/connector/remote/local.go:103.19,106.6 2 0
github.com/shipyard-run/connector/remote/local.go:128.71,133.16 3 21
github.com/shipyard-run/connector/remote/local.go:138.2,139.16 2 21
github.com/shipyard-run/connector/remote/local.go:144.2,144.29 1 20
github.com/shipyard-run/connector/remote/local.go:133.16,136.3 2 0
github.com/shipyard-run/connector/remote/local.go:139.16,142.3 2 1
github.com/shipyard-run/connector/remote/local.go:147.57,149.26 1 20
github.com/shipyard-run/connector/remote/local.go:149.26,153.27 3 20
github.com/shipyard-run/connector/remote/local.go:167.3,167.7 1 20
github.com/shipyard-run/connector/remote/local.go:153.27,154.8 1 20
github.com/shipyard-run/connector/remote/local.go:154.8,156.19 2 44
github.com/shipyard-run/connector/remote/local.go:156.19,159.6 2 20
github.com/shipyard-run/connector/remote/local.go:159.11,159.26 1 24
github.com/shipyard-run/connector/remote/local.go:159.26,161.6 1 24
github.com/shipyard-run/connector/remote/local.go:161.11,163.6 1 0
github.com/shipyard-run/connector/remote/local.go:167.7,168.11 1 44
github.com/shipyard-run/connector/remote/local.go:169.29,170.35 1 24
github.com/shipyard-run/connector/remote/local.go:171.27,176.43 2 17
github.com/shipyard-run/connector/remote/local.go:184.5,184.11 1 17
github.com/shipyard-run/connector/remote/local.go:185.30,187.11 2 3
github.com/shipyard-run/connector/remote/local.go:176.43,182.6 2 3
github.com/shipyard-run/connector/remote/local.go:194.78,197.33 2 24
github.com/shipyard-run/connector/remote/local.go:198.31,205.10 4 4
github.com/shipyard-run/connector/remote/local.go:225.3,226.34 2 4
github.com/shipyard-run/connector/remote/local.go:228.36,230.18 1 2
github.com/shipyard-run/connector/remote/local.go:231.33,234.9 3 1
github.com/shipyard-run/connector/remote/local.go:240.39,243.44 3 17
github.com/shipyard-run/connector/remote/local.go:205.10,208.54 1 1
github.com/shipyard-run/connector/remote/local.go:214.4,216.18 3 1
github.com/shipyard-run/connector/remote/local.go:222.4,222.49 1 1
github.com/shipyard-run/connector/remote/local.go:208.54,211.5 2 0
github.com/shipyard-run/connector/remote/local.go:216.18,219.5 2 0
github.com/shipyard-run/connector/remote/local.go:234.9,239.4 3 1
github.com/shipyard-run/connector/remote/remote.go:10.88,20.6 7 17
github.com/shipyard-run/connector/remote/remote.go:184.2,184.12 1 0
github.com/shipyard-run/connector/remote/remote.go:20.6,26.17 4 62
github.com/shipyard-run/connector/remote/remote.go:35.3,37.34 2 45
github.com/shipyard-run/connector/remote/remote.go:26.17,33.4 3 17
github.com/shipyard-run/connector/remote/remote.go:38.34,41.10 2 17
github.com/shipyard-run/connector/remote/remote.go:45.4,50.59 3 17
github.com/shipyard-run/connector/remote/remote.go:89.4,103.6 6 16
github.com/shipyard-run/connector/remote/remote.go:105.35,110.11 3 4
github.com/shipyard-run/connector/remote/remote.go:114.4,116.45 2 4
github.com/shipyard-run/connector/remote/remote.go:118.32,125.11 3 4
github.com/shipyard-run/connector/remote/remote.go:131.4,135.11 2 4
github.com/shipyard-run/connector/remote/remote.go:152.4,153.41 2 4
github.com/shipyard-run/connector/remote/remote.go:155.37,157.19 1 2
github.com/shipyard-run/connector/remote/remote.go:159.34,164.11 2 1
github.com/shipyard-run/connector/remote/remote.go:169.4,172.11 2 1
github.com/shipyard-run/connector/remote/remote.go:177.4,180.47 3 1
github.com/shipyard-run/connector/remote/remote.go:41.10,42.13 1 0
github.com/shipyard-run/connector/remote/remote.go:50.59,53.19 3 8
github.com/shipyard-run/connector/remote/remote.go:70.5,71.19 2 7
github.com/shipyard-run/connector/remote/remote.go:53.19,66.14 3 1
github.com/shipyard-run/connector/remote/remote.go:71.19,84.14 3 0
github.com/shipyard-run/connector/remote/remote.go:110.11,111.13 1 0
github.com/shipyard-run/connector/remote/remote.go:125.11,127.13 2 0
github.com/shipyard-run/connector/remote/remote.go:135.11,136.54 1 1
github.com/shipyard-run/connector/remote/remote.go:142.5,144.19 3 1
github.com/shipyard-run/connector/remote/remote.go:149.5,149.56 1 1
github.com/shipyard-run/connector/remote/remote.go:136.54,138.14 2 0
github.com/shipyard-run/connector/remote/remote.go:144.19,146.14 2 0
github.com/shipyard-run/connector/remote/remote.go:164.11,166.13 2 0
github.com/shipyard-run/connector/remote/remote.go:172.11,174.13 2 0
github.com/shipyard-run/connector/remote/server.go:34.115,35.36 1 57
github.com/shipyard-run/connector/remote/server.go:41.2,50.3 2 57
github.com/shipyard-run/connector/remote/server.go:35.36,37.3 1 57
github.com/shipyard-run/connector/remote/server.go:37.8,39.3 1 0
github.com/shipyard-run/connector/remote/server.go:55.83,57.2 1 17
github.com/shipyard-run/connector/remote/server.go:60.114,70.30 6 23
github.com/shipyard-run/connector/remote/server.go:77.2,78.9 2 21
github.com/shipyard-run/connector/remote/server.go:87.2,92.46 3 21
github.com/shipyard-run/connector/remote/server.go:70.30,71.31 1 3
github.com/shipyard-run/connector/remote/server.go:71.31,73.4 1 2
github.com/shipyard-run/connector/remote/server.go:78.9,84.3 3 21
github.com/shipyard-run/connector/remote/server.go:96.114,101.9 3 4
github.com/shipyard-run/connector/remote/server.go:106.2,110.24 3 4
github.com/shipyard-run/connector/remote/server.go:115.2,117.37 2 4
github.com/shipyard-run/connector/remote/server.go:101.9,104.3 2 0
github.com/shipyard-run/connector/remote/server.go:110.24,112.3 1 4
github.com/shipyard-run/connector/remote/server.go:121.109,126.35 3 6
github.com/shipyard-run/connector/remote/server.go:135.2,135.56 1 6
github.com/shipyard-run/connector/remote/server.go:126.35,127.62 1 6
github.com/shipyard-run/connector/remote/server.go:127.62,132.4 2 6
github.com/shipyard-run/connector/remote/server.go:139.32,141.2 1 9
github.com/shipyard-run/connector/remote/server.go:144.29,148.15 3 63
github.com/shipyard-run/connector/remote/server.go:155.2,156.30 2 63
github.com/shipyard-run/connector/remote/server.go:148.15,149.31 1 63
github.com/shipyard-run/connector/remote/server.go:149.31,151.4 1 1
github.com/shipyard-run/connector/remote/server.go:156.30,159.3 2 42
github.com/shipyard-run/connector/remote/server.go:164.55,165.59 1 62
github.com/shipyard-run/connector/remote/server.go:165.59,171.3 3 46
github.com/shipyard-run/connector/remote/server.go:176.48,181.67 3 54
github.com/shipyard-run/connector/remote/server.go:191.2,191.28 1 54
github.com/shipyard-run/connector/remote/server.go:198.2,199.16 2 54
github.com/shipyard-run/connector/remote/server.go:181.67,188.3 4 11
github.com/shipyard-run/connector/remote/server.go:191.28,195.3 3 17
github.com/shipyard-run/connector/remote/server.go:199.16,201.3 1 0
github.com/shipyard-run/connector/remote/services.go:15.30,20.2 1 38
github.com/shipyard-run/connector/remote/services.go:22.53,28.2 4 67
github.com/shipyard-run/connector/remote/services.go:30.52,35.2 3 37
github.com/shipyard-run/connector/remote/services.go:37.39,42.2 3 8
github.com/shipyard-run/connector/remote/services.go:44.48,48.27 3 3
github.com/shipyard-run/connector/remote/services.go:63.2,63.14 1 1
github.com/shipyard-run/connector/remote/services.go:48.27,51.51 1 3
github.com/shipyard-run/connector/remote/services.go:56.3,58.49 1 2
github.com/shipyard-run/connector/remote/services.go:51.51,53.4 1 1
github.com/shipyard-run/connector/remote/services.go:58.49,60.4 1 1
github.com/shipyard-run/connector/remote/services.go:66.65,70.27 3 110
github.com/shipyard-run/connector/remote/services.go:70.27,73.15 1 92
github.com/shipyard-run/connector/remote/services.go:73.15,74.9 1 19
github.com/shipyard-run/connector/remote/services.go:85.28,87.2 1 39
github.com/shipyard-run/connector/remote/stream_info.go:14.39,19.2 3 38
github.com/shipyard-run/connector/remote/stream_info.go:21.42,26.23 4 0
github.com/shipyard-run/connector/remote/stream_info.go:32.2,32.15 1 0
github.com/shipyard-run/connector/remote/stream_info.go:26.23,27.14 1 0
github.com/shipyard-run/connector/remote/stream_info.go:27.14,29.4 1 0
github.com/shipyard-run/connector/remote/stream_info.go:35.69,36.23 1 21
github.com/shipyard-run/connector/remote/stream_info.go:42.2,42.19 1 21
github.com/shipyard-run/connector/remote/stream_info.go:36.23,37.21 1 1
github.com/shipyard-run/connector/remote/stream_info.go:37.21,39.4 1 0
github.com/shipyard-run/connector/remote/stream_info.go:45.66,46.23 1 19
github.com/shipyard-run/connector/remote/stream_info.go:62.2,62.19 1 0
github.com/shipyard-run/connector/remote/stream_info.go:46.23,48.60 2 19
github.com/shipyard-run/connector/remote/stream_info.go:57.3,57.12 1 19
github.com/shipyard-run/connector/remote/stream_info.go:48.60,49.19 1 19
github.com/shipyard-run/connector/remote/stream_info.go:54.4,54.15 1 0
github.com/shipyard-run/connector/remote/stream_info.go:49.19,52.5 2 19
github.com/shipyard-run/connector/remote/stream_info.go:57.12,59.4 1 19
github.com/shipyard-run/connector/remote/stream_info.go:65.78,66.23 1 0
github.com/shipyard-run/connector/remote/stream_info.go:72.2,72.19 1 0
github.com/shipyard-run/connector/remote/stream_info.go:66.23,67.28 1 0
github.com/shipyard-run/connector/remote/stream_info.go:67.28,69.4 1 0
github.com/shipyard-run/connector/remote/stream_info.go:84.39,89.2 3 42
github.com/shipyard-run/connector/remote/stream_info.go:91.48,96.2 3 20
github.com/shipyard-run/connector/remote/stream_info.go:98.43,103.2 3 24
github.com/shipyard-run/connector/remote/stream_info.go:105.49,111.2 3 47
github.com/shipyard-run/connector/remote/stream_info.go:113.34,117.2 1 38
github.com/shipyard-run/connector/remote/stream_info.go:127.43,135.2 2 37
github.com/shipyard-run/connector/remote/stream_info.go:137.50,142.14 3 59
github.com/shipyard-run/connector/remote/stream_info.go:146.2,146.28 1 59
github.com/shipyard-run/connector/remote/stream_info.go:142.14,144.3 1 0
github.com/shipyard-run/connector/remote/stream_info.go:147.50,148.15 1 52
github.com/shipyard-run/connector/remote/stream_info.go:149.50,150.15 1 7
github.com/shipyard-run/connector/remote/stream_info.go:154.55,155.28 1 44
github.com/shipyard-run/connector/remote/stream_info.go:162.2,162.17 1 0
github.com/shipyard-run/connector/remote/stream_info.go:156.50,157.18 1 44
github.com/shipyard-run/connector/remote/stream_info.go:158.50,159.18 1 0
github.com/shipyard-run/connector/remote/stream_info.go:165.28,169.28 3 42
github.com/shipyard-run/connector/remote/stream_info.go:175.2,176.12 2 41
github.com/shipyard-run/connector/remote/stream_info.go:170.50,171.16 1 22
github.com/shipyard-run/connector/remote/stream_info.go:180.43,182.2 1 44
